2026-04-13 20:39:40.083 [info] Getting Manifest... akamud.vscode-theme-onedark
2026-04-13 20:39:40.161 [info] Installing extension: akamud.vscode-theme-onedark {"isMachineScoped":false,"installPreReleaseVersion":false,"pinned":false,"profileLocation":{"$mid":1,"external":"vscode-userdata:/home/alex023/.vscode/extensions/extensions.json","path":"/home/alex023/.vscode/extensions/extensions.json","scheme":"vscode-userdata"},"isApplicationScoped":false,"productVersion":{"version":"1.115.0","date":"2026-04-07T22:04:57Z"}}
2026-04-13 20:39:43.061 [info] Extension signature verification result for akamud.vscode-theme-onedark: Success. Internal Code: 0. Executed: true. Duration: 1647ms.
2026-04-13 20:39:43.073 [info] Extracted extension to file:///home/alex023/.vscode/extensions/akamud.vscode-theme-onedark-2.3.0: akamud.vscode-theme-onedark
2026-04-13 20:39:43.077 [info] Renamed to /home/alex023/.vscode/extensions/akamud.vscode-theme-onedark-2.3.0
2026-04-13 20:39:43.086 [info] Extension installed successfully: akamud.vscode-theme-onedark vscode-userdata:/home/alex023/.vscode/extensions/extensions.json
2026-04-13 20:39:51.404 [info] Uninstalling extension from the profile: akamud.vscode-theme-onedark@2.3.0 vscode-userdata:/home/alex023/.vscode/extensions/extensions.json
2026-04-13 20:39:51.413 [info] Marked extension as removed akamud.vscode-theme-onedark-2.3.0
2026-04-13 20:39:51.693 [info] Successfully uninstalled extension from the profile akamud.vscode-theme-onedark@2.3.0 vscode-userdata:/home/alex023/.vscode/extensions/extensions.json
2026-04-13 20:39:59.686 [info] Getting Manifest... adamcaviness.theme-monokai-dark-soda
2026-04-13 20:39:59.713 [info] Installing extension: adamcaviness.theme-monokai-dark-soda {"isMachineScoped":false,"installPreReleaseVersion":false,"pinned":false,"profileLocation":{"$mid":1,"external":"vscode-userdata:/home/alex023/.vscode/extensions/extensions.json","path":"/home/alex023/.vscode/extensions/extensions.json","scheme":"vscode-userdata"},"isApplicationScoped":false,"productVersion":{"version":"1.115.0","date":"2026-04-07T22:04:57Z"}}
2026-04-13 20:40:01.076 [info] Extension signature verification result for adamcaviness.theme-monokai-dark-soda: Success. Internal Code: 0. Executed: true. Duration: 601ms.
2026-04-13 20:40:01.083 [info] Extracted extension to file:///home/alex023/.vscode/extensions/adamcaviness.theme-monokai-dark-soda-1.2.0: adamcaviness.theme-monokai-dark-soda
2026-04-13 20:40:01.085 [info] Renamed to /home/alex023/.vscode/extensions/adamcaviness.theme-monokai-dark-soda-1.2.0
2026-04-13 20:40:01.090 [info] Extension installed successfully: adamcaviness.theme-monokai-dark-soda vscode-userdata:/home/alex023/.vscode/extensions/extensions.json
2026-04-13 20:40:07.951 [info] Uninstalling extension from the profile: adamcaviness.theme-monokai-dark-soda@1.2.0 vscode-userdata:/home/alex023/.vscode/extensions/extensions.json
2026-04-13 20:40:07.959 [info] Marked extension as removed adamcaviness.theme-monokai-dark-soda-1.2.0
2026-04-13 20:40:08.246 [info] Successfully uninstalled extension from the profile adamcaviness.theme-monokai-dark-soda@1.2.0 vscode-userdata:/home/alex023/.vscode/extensions/extensions.json
2026-04-13 20:40:23.019 [info] Getting Manifest... emroussel.atomize-atom-one-dark-theme
2026-04-13 20:40:23.046 [info] Installing extension: emroussel.atomize-atom-one-dark-theme {"isMachineScoped":false,"installPreReleaseVersion":false,"pinned":false,"profileLocation":{"$mid":1,"external":"vscode-userdata:/home/alex023/.vscode/extensions/extensions.json","path":"/home/alex023/.vscode/extensions/extensions.json","scheme":"vscode-userdata"},"isApplicationScoped":false,"productVersion":{"version":"1.115.0","date":"2026-04-07T22:04:57Z"}}
2026-04-13 20:40:25.534 [info] Extension signature verification result for emroussel.atomize-atom-one-dark-theme: Success. Internal Code: 0. Executed: true. Duration: 591ms.
2026-04-13 20:40:25.544 [info] Extracted extension to file:///home/alex023/.vscode/extensions/emroussel.atomize-atom-one-dark-theme-2.0.2: emroussel.atomize-atom-one-dark-theme
2026-04-13 20:40:25.550 [info] Renamed to /home/alex023/.vscode/extensions/emroussel.atomize-atom-one-dark-theme-2.0.2
2026-04-13 20:40:25.556 [info] Extension installed successfully: emroussel.atomize-atom-one-dark-theme vscode-userdata:/home/alex023/.vscode/extensions/extensions.json
2026-04-13 20:40:31.759 [info] Uninstalling extension from the profile: emroussel.atomize-atom-one-dark-theme@2.0.2 vscode-userdata:/home/alex023/.vscode/extensions/extensions.json
2026-04-13 20:40:31.766 [info] Marked extension as removed emroussel.atomize-atom-one-dark-theme-2.0.2
2026-04-13 20:40:32.042 [info] Successfully uninstalled extension from the profile emroussel.atomize-atom-one-dark-theme@2.0.2 vscode-userdata:/home/alex023/.vscode/extensions/extensions.json
